[M::bwa_idx_load_from_disk] read 0 ALT contigs
[M::process] read 569104 sequences (80000047 bp)...
[M::process] 0 single-end sequences; 569104 paired-end sequences
[M::process] read 568602 sequences (80000271 bp)...
[M::mem_pestat] # candidate unique pairs for (FF, FR, RF, RR): (0, 204, 0, 0)
[M::mem_pestat] skip orientation FF as there are not enough pairs
[M::mem_pestat] analyzing insert size distribution for orientation FR...
[M::mem_pestat] (25, 50, 75) percentile: (160, 216, 292)
[M::mem_pestat] low and high boundaries for computing mean and std.dev: (1, 556)
[M::mem_pestat] mean and std.dev: (225.36, 89.70)
[M::mem_pestat] low and high boundaries for proper pairs: (1, 688)
[M::mem_pestat] skip orientation RF as there are not enough pairs
[M::mem_pestat] skip orientation RR as there are not enough pairs
[M::mem_process_seqs] Processed 569104 reads in 58.620 CPU sec, 7.787 real sec
[M::process] 0 single-end sequences; 568602 paired-end sequences
[M::process] read 568502 sequences (80000196 bp)...
[M::mem_pestat] # candidate unique pairs for (FF, FR, RF, RR): (0, 211, 0, 0)
[M::mem_pestat] skip orientation FF as there are not enough pairs
[M::mem_pestat] analyzing insert size distribution for orientation FR...
[M::mem_pestat] (25, 50, 75) percentile: (152, 195, 262)
[M::mem_pestat] low and high boundaries for computing mean and std.dev: (1, 482)
[M::mem_pestat] mean and std.dev: (204.62, 83.30)
[M::mem_pestat] low and high boundaries for proper pairs: (1, 592)
[M::mem_pestat] skip orientation RF as there are not enough pairs
[M::mem_pestat] skip orientation RR as there are not enough pairs
[M::mem_process_seqs] Processed 568602 reads in 62.517 CPU sec, 7.884 real sec
[M::process] 0 single-end sequences; 568502 paired-end sequences
[M::process] read 568252 sequences (80000025 bp)...
[M::mem_pestat] # candidate unique pairs for (FF, FR, RF, RR): (0, 201, 0, 0)
[M::mem_pestat] skip orientation FF as there are not enough pairs
[M::mem_pestat] analyzing insert size distribution for orientation FR...
[M::mem_pestat] (25, 50, 75) percentile: (166, 206, 269)
[M::mem_pestat] low and high boundaries for computing mean and std.dev: (1, 475)
[M::mem_pestat] mean and std.dev: (219.67, 80.68)
[M::mem_pestat] low and high boundaries for proper pairs: (1, 578)
[M::mem_pestat] skip orientation RF as there are not enough pairs
[M::mem_pestat] skip orientation RR as there are not enough pairs
[M::mem_process_seqs] Processed 568502 reads in 62.618 CPU sec, 7.936 real sec
[M::process] 0 single-end sequences; 568252 paired-end sequences
[M::process] read 568056 sequences (80000139 bp)...
[M::mem_pestat] # candidate unique pairs for (FF, FR, RF, RR): (0, 204, 0, 0)
[M::mem_pestat] skip orientation FF as there are not enough pairs
[M::mem_pestat] analyzing insert size distribution for orientation FR...
[M::mem_pestat] (25, 50, 75) percentile: (175, 228, 282)
[M::mem_pestat] low and high boundaries for computing mean and std.dev: (1, 496)
[M::mem_pestat] mean and std.dev: (232.55, 90.74)
[M::mem_pestat] low and high boundaries for proper pairs: (1, 603)
[M::mem_pestat] skip orientation RF as there are not enough pairs
[M::mem_pestat] skip orientation RR as there are not enough pairs
[M::mem_process_seqs] Processed 568252 reads in 62.929 CPU sec, 7.938 real sec
[M::process] 0 single-end sequences; 568056 paired-end sequences
[M::process] read 568444 sequences (80000066 bp)...
[M::mem_pestat] # candidate unique pairs for (FF, FR, RF, RR): (0, 202, 0, 0)
[M::mem_pestat] skip orientation FF as there are not enough pairs
[M::mem_pestat] analyzing insert size distribution for orientation FR...
[M::mem_pestat] (25, 50, 75) percentile: (163, 204, 261)
[M::mem_pestat] low and high boundaries for computing mean and std.dev: (1, 457)
[M::mem_pestat] mean and std.dev: (211.68, 74.16)
[M::mem_pestat] low and high boundaries for proper pairs: (1, 555)
[M::mem_pestat] skip orientation RF as there are not enough pairs
[M::mem_pestat] skip orientation RR as there are not enough pairs
[M::mem_process_seqs] Processed 568056 reads in 62.768 CPU sec, 7.918 real sec
[M::process] 0 single-end sequences; 568444 paired-end sequences
[M::process] read 569178 sequences (80000058 bp)...
[M::mem_pestat] # candidate unique pairs for (FF, FR, RF, RR): (0, 201, 0, 0)
[M::mem_pestat] skip orientation FF as there are not enough pairs
[M::mem_pestat] analyzing insert size distribution for orientation FR...
[M::mem_pestat] (25, 50, 75) percentile: (170, 222, 280)
[M::mem_pestat] low and high boundaries for computing mean and std.dev: (1, 500)
[M::mem_pestat] mean and std.dev: (228.43, 84.75)
[M::mem_pestat] low and high boundaries for proper pairs: (1, 610)
[M::mem_pestat] skip orientation RF as there are not enough pairs
[M::mem_pestat] skip orientation RR as there are not enough pairs
[M::mem_process_seqs] Processed 568444 reads in 62.732 CPU sec, 7.905 real sec
[M::process] 0 single-end sequences; 569178 paired-end sequences
[M::process] read 570376 sequences (80000059 bp)...
[M::mem_pestat] # candidate unique pairs for (FF, FR, RF, RR): (0, 182, 0, 0)
[M::mem_pestat] skip orientation FF as there are not enough pairs
[M::mem_pestat] analyzing insert size distribution for orientation FR...
[M::mem_pestat] (25, 50, 75) percentile: (167, 228, 278)
[M::mem_pestat] low and high boundaries for computing mean and std.dev: (1, 500)
[M::mem_pestat] mean and std.dev: (225.71, 81.43)
[M::mem_pestat] low and high boundaries for proper pairs: (1, 611)
[M::mem_pestat] skip orientation RF as there are not enough pairs
[M::mem_pestat] skip orientation RR as there are not enough pairs
[M::mem_process_seqs] Processed 569178 reads in 62.685 CPU sec, 7.939 real sec
[M::process] 0 single-end sequences; 570376 paired-end sequences
[M::process] read 570672 sequences (80000249 bp)...
[M::mem_pestat] # candidate unique pairs for (FF, FR, RF, RR): (0, 213, 0, 0)
[M::mem_pestat] skip orientation FF as there are not enough pairs
[M::mem_pestat] analyzing insert size distribution for orientation FR...
[M::mem_pestat] (25, 50, 75) percentile: (165, 216, 283)
[M::mem_pestat] low and high boundaries for computing mean and std.dev: (1, 519)
[M::mem_pestat] mean and std.dev: (225.97, 87.33)
[M::mem_pestat] low and high boundaries for proper pairs: (1, 637)
[M::mem_pestat] skip orientation RF as there are not enough pairs
[M::mem_pestat] skip orientation RR as there are not enough pairs
[M::mem_process_seqs] Processed 570376 reads in 62.416 CPU sec, 7.866 real sec
[M::process] 0 single-end sequences; 570672 paired-end sequences
[M::process] read 572270 sequences (80000025 bp)...
[M::mem_pestat] # candidate unique pairs for (FF, FR, RF, RR): (0, 206, 0, 0)
[M::mem_pestat] skip orientation FF as there are not enough pairs
[M::mem_pestat] analyzing insert size distribution for orientation FR...
[M::mem_pestat] (25, 50, 75) percentile: (160, 225, 282)
[M::mem_pestat] low and high boundaries for computing mean and std.dev: (1, 526)
[M::mem_pestat] mean and std.dev: (227.42, 93.83)
[M::mem_pestat] low and high boundaries for proper pairs: (1, 648)
[M::mem_pestat] skip orientation RF as there are not enough pairs
[M::mem_pestat] skip orientation RR as there are not enough pairs
[M::mem_process_seqs] Processed 570672 reads in 66.813 CPU sec, 8.475 real sec
[M::process] 0 single-end sequences; 572270 paired-end sequences
[M::process] read 574980 sequences (80000031 bp)...
[M::mem_pestat] # candidate unique pairs for (FF, FR, RF, RR): (0, 212, 0, 0)
[M::mem_pestat] skip orientation FF as there are not enough pairs
[M::mem_pestat] analyzing insert size distribution for orientation FR...
[M::mem_pestat] (25, 50, 75) percentile: (168, 215, 285)
[M::mem_pestat] low and high boundaries for computing mean and std.dev: (1, 519)
[M::mem_pestat] mean and std.dev: (230.30, 91.01)
[M::mem_pestat] low and high boundaries for proper pairs: (1, 636)
[M::mem_pestat] skip orientation RF as there are not enough pairs
[M::mem_pestat] skip orientation RR as there are not enough pairs
[M::mem_process_seqs] Processed 572270 reads in 62.949 CPU sec, 7.952 real sec
[M::process] 0 single-end sequences; 574980 paired-end sequences
[M::process] read 572728 sequences (80000137 bp)...
[M::mem_pestat] # candidate unique pairs for (FF, FR, RF, RR): (0, 217, 0, 0)
[M::mem_pestat] skip orientation FF as there are not enough pairs
[M::mem_pestat] analyzing insert size distribution for orientation FR...
[M::mem_pestat] (25, 50, 75) percentile: (162, 208, 265)
[M::mem_pestat] low and high boundaries for computing mean and std.dev: (1, 471)
[M::mem_pestat] mean and std.dev: (211.08, 78.59)
[M::mem_pestat] low and high boundaries for proper pairs: (1, 574)
[M::mem_pestat] skip orientation RF as there are not enough pairs
[M::mem_pestat] skip orientation RR as there are not enough pairs
[M::mem_process_seqs] Processed 574980 reads in 62.847 CPU sec, 7.967 real sec
[M::process] 0 single-end sequences; 572728 paired-end sequences
[M::process] read 572492 sequences (80000108 bp)...
[M::mem_pestat] # candidate unique pairs for (FF, FR, RF, RR): (0, 213, 0, 0)
[M::mem_pestat] skip orientation FF as there are not enough pairs
[M::mem_pestat] analyzing insert size distribution for orientation FR...
[M::mem_pestat] (25, 50, 75) percentile: (162, 212, 278)
[M::mem_pestat] low and high boundaries for computing mean and std.dev: (1, 510)
[M::mem_pestat] mean and std.dev: (225.17, 85.42)
[M::mem_pestat] low and high boundaries for proper pairs: (1, 626)
[M::mem_pestat] skip orientation RF as there are not enough pairs
[M::mem_pestat] skip orientation RR as there are not enough pairs
[M::mem_process_seqs] Processed 572728 reads in 62.332 CPU sec, 7.852 real sec
[M::process] 0 single-end sequences; 572492 paired-end sequences
[M::process] read 572230 sequences (80000105 bp)...
[M::mem_pestat] # candidate unique pairs for (FF, FR, RF, RR): (0, 223, 0, 0)
[M::mem_pestat] skip orientation FF as there are not enough pairs
[M::mem_pestat] analyzing insert size distribution for orientation FR...
[M::mem_pestat] (25, 50, 75) percentile: (170, 228, 291)
[M::mem_pestat] low and high boundaries for computing mean and std.dev: (1, 533)
[M::mem_pestat] mean and std.dev: (231.76, 84.31)
[M::mem_pestat] low and high boundaries for proper pairs: (1, 654)
[M::mem_pestat] skip orientation RF as there are not enough pairs
[M::mem_pestat] skip orientation RR as there are not enough pairs
[M::mem_process_seqs] Processed 572492 reads in 62.487 CPU sec, 7.872 real sec
[M::process] 0 single-end sequences; 572230 paired-end sequences
[M::process] read 572878 sequences (80000060 bp)...
[M::mem_pestat] # candidate unique pairs for (FF, FR, RF, RR): (0, 176, 0, 0)
[M::mem_pestat] skip orientation FF as there are not enough pairs
[M::mem_pestat] analyzing insert size distribution for orientation FR...
[M::mem_pestat] (25, 50, 75) percentile: (165, 215, 280)
[M::mem_pestat] low and high boundaries for computing mean and std.dev: (1, 510)
[M::mem_pestat] mean and std.dev: (226.69, 87.11)
[M::mem_pestat] low and high boundaries for proper pairs: (1, 625)
[M::mem_pestat] skip orientation RF as there are not enough pairs
[M::mem_pestat] skip orientation RR as there are not enough pairs
[M::mem_process_seqs] Processed 572230 reads in 62.270 CPU sec, 7.892 real sec
[M::process] 0 single-end sequences; 572878 paired-end sequences
[M::process] read 572228 sequences (80000165 bp)...
[M::mem_pestat] # candidate unique pairs for (FF, FR, RF, RR): (0, 225, 0, 0)
[M::mem_pestat] skip orientation FF as there are not enough pairs
[M::mem_pestat] analyzing insert size distribution for orientation FR...
[M::mem_pestat] (25, 50, 75) percentile: (176, 225, 304)
[M::mem_pestat] low and high boundaries for computing mean and std.dev: (1, 560)
[M::mem_pestat] mean and std.dev: (244.50, 103.04)
[M::mem_pestat] low and high boundaries for proper pairs: (1, 688)
[M::mem_pestat] skip orientation RF as there are not enough pairs
[M::mem_pestat] skip orientation RR as there are not enough pairs
[M::mem_process_seqs] Processed 572878 reads in 62.268 CPU sec, 7.847 real sec
[M::process] 0 single-end sequences; 572228 paired-end sequences
[M::process] read 572006 sequences (80000218 bp)...
[M::mem_pestat] # candidate unique pairs for (FF, FR, RF, RR): (0, 215, 0, 0)
[M::mem_pestat] skip orientation FF as there are not enough pairs
[M::mem_pestat] analyzing insert size distribution for orientation FR...
[M::mem_pestat] (25, 50, 75) percentile: (161, 206, 258)
[M::mem_pestat] low and high boundaries for computing mean and std.dev: (1, 452)
[M::mem_pestat] mean and std.dev: (213.35, 78.15)
[M::mem_pestat] low and high boundaries for proper pairs: (1, 549)
[M::mem_pestat] skip orientation RF as there are not enough pairs
[M::mem_pestat] skip orientation RR as there are not enough pairs
[M::mem_process_seqs] Processed 572228 reads in 62.991 CPU sec, 7.964 real sec
[M::process] 0 single-end sequences; 572006 paired-end sequences
[M::process] read 571924 sequences (80000192 bp)...
[M::mem_pestat] # candidate unique pairs for (FF, FR, RF, RR): (0, 208, 0, 0)
[M::mem_pestat] skip orientation FF as there are not enough pairs
[M::mem_pestat] analyzing insert size distribution for orientation FR...
[M::mem_pestat] (25, 50, 75) percentile: (161, 223, 282)
[M::mem_pestat] low and high boundaries for computing mean and std.dev: (1, 524)
[M::mem_pestat] mean and std.dev: (228.87, 91.81)
[M::mem_pestat] low and high boundaries for proper pairs: (1, 645)
[M::mem_pestat] skip orientation RF as there are not enough pairs
[M::mem_pestat] skip orientation RR as there are not enough pairs
[M::mem_process_seqs] Processed 572006 reads in 62.756 CPU sec, 7.915 real sec
[M::process] 0 single-end sequences; 571924 paired-end sequences
[M::process] read 573070 sequences (80000061 bp)...
[M::mem_pestat] # candidate unique pairs for (FF, FR, RF, RR): (0, 186, 0, 0)
[M::mem_pestat] skip orientation FF as there are not enough pairs
[M::mem_pestat] analyzing insert size distribution for orientation FR...
[M::mem_pestat] (25, 50, 75) percentile: (164, 214, 287)
[M::mem_pestat] low and high boundaries for computing mean and std.dev: (1, 533)
[M::mem_pestat] mean and std.dev: (225.43, 93.95)
[M::mem_pestat] low and high boundaries for proper pairs: (1, 656)
[M::mem_pestat] skip orientation RF as there are not enough pairs
[M::mem_pestat] skip orientation RR as there are not enough pairs
[M::mem_process_seqs] Processed 571924 reads in 62.990 CPU sec, 7.934 real sec
[M::process] 0 single-end sequences; 573070 paired-end sequences
[M::process] read 573960 sequences (80000268 bp)...
[M::mem_pestat] # candidate unique pairs for (FF, FR, RF, RR): (0, 210, 0, 0)
[M::mem_pestat] skip orientation FF as there are not enough pairs
[M::mem_pestat] analyzing insert size distribution for orientation FR...
[M::mem_pestat] (25, 50, 75) percentile: (163, 215, 275)
[M::mem_pestat] low and high boundaries for computing mean and std.dev: (1, 499)
[M::mem_pestat] mean and std.dev: (224.53, 85.63)
[M::mem_pestat] low and high boundaries for proper pairs: (1, 611)
[M::mem_pestat] skip orientation RF as there are not enough pairs
[M::mem_pestat] skip orientation RR as there are not enough pairs
[M::mem_process_seqs] Processed 573070 reads in 63.041 CPU sec, 7.981 real sec
[M::process] 0 single-end sequences; 573960 paired-end sequences
[M::process] read 574604 sequences (80000207 bp)...
[M::mem_pestat] # candidate unique pairs for (FF, FR, RF, RR): (0, 183, 0, 0)
[M::mem_pestat] skip orientation FF as there are not enough pairs
[M::mem_pestat] analyzing insert size distribution for orientation FR...
[M::mem_pestat] (25, 50, 75) percentile: (163, 211, 278)
[M::mem_pestat] low and high boundaries for computing mean and std.dev: (1, 508)
[M::mem_pestat] mean and std.dev: (224.04, 88.12)
[M::mem_pestat] low and high boundaries for proper pairs: (1, 623)
[M::mem_pestat] skip orientation RF as there are not enough pairs
[M::mem_pestat] skip orientation RR as there are not enough pairs
[M::mem_process_seqs] Processed 573960 reads in 63.094 CPU sec, 7.950 real sec
[M::process] 0 single-end sequences; 574604 paired-end sequences
[M::process] read 575678 sequences (80000164 bp)...
[M::mem_pestat] # candidate unique pairs for (FF, FR, RF, RR): (0, 221, 0, 0)
[M::mem_pestat] skip orientation FF as there are not enough pairs
[M::mem_pestat] analyzing insert size distribution for orientation FR...
[M::mem_pestat] (25, 50, 75) percentile: (154, 216, 280)
[M::mem_pestat] low and high boundaries for computing mean and std.dev: (1, 532)
[M::mem_pestat] mean and std.dev: (223.75, 89.96)
[M::mem_pestat] low and high boundaries for proper pairs: (1, 658)
[M::mem_pestat] skip orientation RF as there are not enough pairs
[M::mem_pestat] skip orientation RR as there are not enough pairs
[M::mem_process_seqs] Processed 574604 reads in 65.437 CPU sec, 8.244 real sec
[M::process] 0 single-end sequences; 575678 paired-end sequences
[M::process] read 578646 sequences (80000132 bp)...
[M::mem_pestat] # candidate unique pairs for (FF, FR, RF, RR): (0, 205, 0, 0)
[M::mem_pestat] skip orientation FF as there are not enough pairs
[M::mem_pestat] analyzing insert size distribution for orientation FR...
[M::mem_pestat] (25, 50, 75) percentile: (160, 206, 263)
[M::mem_pestat] low and high boundaries for computing mean and std.dev: (1, 469)
[M::mem_pestat] mean and std.dev: (215.71, 85.68)
[M::mem_pestat] low and high boundaries for proper pairs: (1, 572)
[M::mem_pestat] skip orientation RF as there are not enough pairs
[M::mem_pestat] skip orientation RR as there are not enough pairs
[M::mem_process_seqs] Processed 575678 reads in 62.839 CPU sec, 7.986 real sec
[M::process] 0 single-end sequences; 578646 paired-end sequences
[M::process] read 575166 sequences (80000006 bp)...
[M::mem_pestat] # candidate unique pairs for (FF, FR, RF, RR): (0, 183, 0, 0)
[M::mem_pestat] skip orientation FF as there are not enough pairs
[M::mem_pestat] analyzing insert size distribution for orientation FR...
[M::mem_pestat] (25, 50, 75) percentile: (156, 205, 264)
[M::mem_pestat] low and high boundaries for computing mean and std.dev: (1, 480)
[M::mem_pestat] mean and std.dev: (214.12, 88.62)
[M::mem_pestat] low and high boundaries for proper pairs: (1, 588)
[M::mem_pestat] skip orientation RF as there are not enough pairs
[M::mem_pestat] skip orientation RR as there are not enough pairs
[M::mem_process_seqs] Processed 578646 reads in 62.406 CPU sec, 7.876 real sec
[M::process] 0 single-end sequences; 575166 paired-end sequences
[M::process] read 568750 sequences (80000118 bp)...
[M::mem_pestat] # candidate unique pairs for (FF, FR, RF, RR): (0, 232, 0, 0)
[M::mem_pestat] skip orientation FF as there are not enough pairs
[M::mem_pestat] analyzing insert size distribution for orientation FR...
[M::mem_pestat] (25, 50, 75) percentile: (167, 201, 273)
[M::mem_pestat] low and high boundaries for computing mean and std.dev: (1, 485)
[M::mem_pestat] mean and std.dev: (224.75, 90.21)
[M::mem_pestat] low and high boundaries for proper pairs: (1, 591)
[M::mem_pestat] skip orientation RF as there are not enough pairs
[M::mem_pestat] skip orientation RR as there are not enough pairs
[M::mem_process_seqs] Processed 575166 reads in 62.831 CPU sec, 7.953 real sec
[M::process] 0 single-end sequences; 568750 paired-end sequences
[M::process] read 567616 sequences (80000044 bp)...
[M::mem_pestat] # candidate unique pairs for (FF, FR, RF, RR): (0, 203, 0, 0)
[M::mem_pestat] skip orientation FF as there are not enough pairs
[M::mem_pestat] analyzing insert size distribution for orientation FR...
[M::mem_pestat] (25, 50, 75) percentile: (162, 200, 287)
[M::mem_pestat] low and high boundaries for computing mean and std.dev: (1, 537)
[M::mem_pestat] mean and std.dev: (222.18, 95.95)
[M::mem_pestat] low and high boundaries for proper pairs: (1, 662)
[M::mem_pestat] skip orientation RF as there are not enough pairs
[M::mem_pestat] skip orientation RR as there are not enough pairs
[M::mem_process_seqs] Processed 568750 reads in 62.980 CPU sec, 7.933 real sec
[M::process] 0 single-end sequences; 567616 paired-end sequences
[M::process] read 567584 sequences (80000011 bp)...
[M::mem_pestat] # candidate unique pairs for (FF, FR, RF, RR): (0, 192, 0, 0)
[M::mem_pestat] skip orientation FF as there are not enough pairs
[M::mem_pestat] analyzing insert size distribution for orientation FR...
[M::mem_pestat] (25, 50, 75) percentile: (160, 212, 290)
[M::mem_pestat] low and high boundaries for computing mean and std.dev: (1, 550)
[M::mem_pestat] mean and std.dev: (230.27, 104.13)
[M::mem_pestat] low and high boundaries for proper pairs: (1, 680)
[M::mem_pestat] skip orientation RF as there are not enough pairs
[M::mem_pestat] skip orientation RR as there are not enough pairs
[M::mem_process_seqs] Processed 567616 reads in 62.283 CPU sec, 7.842 real sec
[M::process] 0 single-end sequences; 567584 paired-end sequences
[M::process] read 567444 sequences (80000120 bp)...
[M::mem_pestat] # candidate unique pairs for (FF, FR, RF, RR): (0, 177, 0, 0)
[M::mem_pestat] skip orientation FF as there are not enough pairs
[M::mem_pestat] analyzing insert size distribution for orientation FR...
[M::mem_pestat] (25, 50, 75) percentile: (164, 207, 290)
[M::mem_pestat] low and high boundaries for computing mean and std.dev: (1, 542)
[M::mem_pestat] mean and std.dev: (226.06, 94.06)
[M::mem_pestat] low and high boundaries for proper pairs: (1, 668)
[M::mem_pestat] skip orientation RF as there are not enough pairs
[M::mem_pestat] skip orientation RR as there are not enough pairs
[M::mem_process_seqs] Processed 567584 reads in 62.585 CPU sec, 7.888 real sec
[M::process] 0 single-end sequences; 567444 paired-end sequences
[M::process] read 567268 sequences (80000078 bp)...
[M::mem_pestat] # candidate unique pairs for (FF, FR, RF, RR): (0, 199, 0, 0)
[M::mem_pestat] skip orientation FF as there are not enough pairs
[M::mem_pestat] analyzing insert size distribution for orientation FR...
[M::mem_pestat] (25, 50, 75) percentile: (169, 216, 269)
[M::mem_pestat] low and high boundaries for computing mean and std.dev: (1, 469)
[M::mem_pestat] mean and std.dev: (224.05, 77.98)
[M::mem_pestat] low and high boundaries for proper pairs: (1, 569)
[M::mem_pestat] skip orientation RF as there are not enough pairs
[M::mem_pestat] skip orientation RR as there are not enough pairs
[M::mem_process_seqs] Processed 567444 reads in 62.207 CPU sec, 7.853 real sec
[M::process] 0 single-end sequences; 567268 paired-end sequences
[M::process] read 567698 sequences (80000055 bp)...
[M::mem_pestat] # candidate unique pairs for (FF, FR, RF, RR): (0, 218, 0, 0)
[M::mem_pestat] skip orientation FF as there are not enough pairs
[M::mem_pestat] analyzing insert size distribution for orientation FR...
[M::mem_pestat] (25, 50, 75) percentile: (161, 217, 282)
[M::mem_pestat] low and high boundaries for computing mean and std.dev: (1, 524)
[M::mem_pestat] mean and std.dev: (224.06, 92.41)
[M::mem_pestat] low and high boundaries for proper pairs: (1, 645)
[M::mem_pestat] skip orientation RF as there are not enough pairs
[M::mem_pestat] skip orientation RR as there are not enough pairs
[M::mem_process_seqs] Processed 567268 reads in 62.396 CPU sec, 7.903 real sec
[M::process] 0 single-end sequences; 567698 paired-end sequences
[M::process] read 568702 sequences (80000187 bp)...
[M::mem_pestat] # candidate unique pairs for (FF, FR, RF, RR): (0, 207, 0, 0)
[M::mem_pestat] skip orientation FF as there are not enough pairs
[M::mem_pestat] analyzing insert size distribution for orientation FR...
[M::mem_pestat] (25, 50, 75) percentile: (162, 204, 263)
[M::mem_pestat] low and high boundaries for computing mean and std.dev: (1, 465)
[M::mem_pestat] mean and std.dev: (211.49, 73.72)
[M::mem_pestat] low and high boundaries for proper pairs: (1, 566)
[M::mem_pestat] skip orientation RF as there are not enough pairs
[M::mem_pestat] skip orientation RR as there are not enough pairs
[M::mem_process_seqs] Processed 567698 reads in 62.558 CPU sec, 7.918 real sec
[M::process] 0 single-end sequences; 568702 paired-end sequences
[M::process] read 569988 sequences (80000168 bp)...
[M::mem_pestat] # candidate unique pairs for (FF, FR, RF, RR): (0, 203, 0, 0)
[M::mem_pestat] skip orientation FF as there are not enough pairs
[M::mem_pestat] analyzing insert size distribution for orientation FR...
[M::mem_pestat] (25, 50, 75) percentile: (164, 211, 269)
[M::mem_pestat] low and high boundaries for computing mean and std.dev: (1, 479)
[M::mem_pestat] mean and std.dev: (220.44, 86.76)
[M::mem_pestat] low and high boundaries for proper pairs: (1, 584)
[M::mem_pestat] skip orientation RF as there are not enough pairs
[M::mem_pestat] skip orientation RR as there are not enough pairs
[M::mem_process_seqs] Processed 568702 reads in 62.430 CPU sec, 7.868 real sec
[M::process] 0 single-end sequences; 569988 paired-end sequences
[M::process] read 571110 sequences (80000049 bp)...
[M::mem_pestat] # candidate unique pairs for (FF, FR, RF, RR): (0, 204, 0, 0)
[M::mem_pestat] skip orientation FF as there are not enough pairs
[M::mem_pestat] analyzing insert size distribution for orientation FR...
[M::mem_pestat] (25, 50, 75) percentile: (164, 205, 269)
[M::mem_pestat] low and high boundaries for computing mean and std.dev: (1, 479)
[M::mem_pestat] mean and std.dev: (219.01, 81.80)
[M::mem_pestat] low and high boundaries for proper pairs: (1, 584)
[M::mem_pestat] skip orientation RF as there are not enough pairs
[M::mem_pestat] skip orientation RR as there are not enough pairs
[M::mem_process_seqs] Processed 569988 reads in 62.543 CPU sec, 7.950 real sec
[M::process] 0 single-end sequences; 571110 paired-end sequences
[M::process] read 571056 sequences (80000073 bp)...
[M::mem_pestat] # candidate unique pairs for (FF, FR, RF, RR): (0, 201, 0, 0)
[M::mem_pestat] skip orientation FF as there are not enough pairs
[M::mem_pestat] analyzing insert size distribution for orientation FR...
[M::mem_pestat] (25, 50, 75) percentile: (165, 206, 260)
[M::mem_pestat] low and high boundaries for computing mean and std.dev: (1, 450)
[M::mem_pestat] mean and std.dev: (215.55, 79.10)
[M::mem_pestat] low and high boundaries for proper pairs: (1, 545)
[M::mem_pestat] skip orientation RF as there are not enough pairs
[M::mem_pestat] skip orientation RR as there are not enough pairs
[M::mem_process_seqs] Processed 571110 reads in 62.766 CPU sec, 7.920 real sec
[M::process] 0 single-end sequences; 571056 paired-end sequences
[M::process] read 573486 sequences (80000234 bp)...
[M::mem_pestat] # candidate unique pairs for (FF, FR, RF, RR): (0, 206, 0, 0)
[M::mem_pestat] skip orientation FF as there are not enough pairs
[M::mem_pestat] analyzing insert size distribution for orientation FR...
[M::mem_pestat] (25, 50, 75) percentile: (163, 215, 275)
[M::mem_pestat] low and high boundaries for computing mean and std.dev: (1, 499)
[M::mem_pestat] mean and std.dev: (221.50, 85.58)
[M::mem_pestat] low and high boundaries for proper pairs: (1, 611)
[M::mem_pestat] skip orientation RF as there are not enough pairs
[M::mem_pestat] skip orientation RR as there are not enough pairs
[M::mem_process_seqs] Processed 571056 reads in 62.795 CPU sec, 7.934 real sec
[M::process] 0 single-end sequences; 573486 paired-end sequences
[M::process] read 572346 sequences (80000216 bp)...
[M::mem_pestat] # candidate unique pairs for (FF, FR, RF, RR): (0, 195, 0, 0)
[M::mem_pestat] skip orientation FF as there are not enough pairs
[M::mem_pestat] analyzing insert size distribution for orientation FR...
[M::mem_pestat] (25, 50, 75) percentile: (170, 223, 274)
[M::mem_pestat] low and high boundaries for computing mean and std.dev: (1, 482)
[M::mem_pestat] mean and std.dev: (230.20, 82.17)
[M::mem_pestat] low and high boundaries for proper pairs: (1, 586)
[M::mem_pestat] skip orientation RF as there are not enough pairs
[M::mem_pestat] skip orientation RR as there are not enough pairs
[M::mem_process_seqs] Processed 573486 reads in 62.864 CPU sec, 7.926 real sec
[M::process] 0 single-end sequences; 572346 paired-end sequences
[M::process] read 571206 sequences (80000080 bp)...
[M::mem_pestat] # candidate unique pairs for (FF, FR, RF, RR): (0, 197, 0, 0)
[M::mem_pestat] skip orientation FF as there are not enough pairs
[M::mem_pestat] analyzing insert size distribution for orientation FR...
[M::mem_pestat] (25, 50, 75) percentile: (162, 205, 254)
[M::mem_pestat] low and high boundaries for computing mean and std.dev: (1, 438)
[M::mem_pestat] mean and std.dev: (213.52, 78.06)
[M::mem_pestat] low and high boundaries for proper pairs: (1, 530)
[M::mem_pestat] skip orientation RF as there are not enough pairs
[M::mem_pestat] skip orientation RR as there are not enough pairs
[M::mem_process_seqs] Processed 572346 reads in 55.866 CPU sec, 7.042 real sec
[M::process] 0 single-end sequences; 571206 paired-end sequences
[M::process] read 570810 sequences (80000144 bp)...
[M::mem_pestat] # candidate unique pairs for (FF, FR, RF, RR): (0, 199, 0, 0)
[M::mem_pestat] skip orientation FF as there are not enough pairs
[M::mem_pestat] analyzing insert size distribution for orientation FR...
[M::mem_pestat] (25, 50, 75) percentile: (162, 212, 279)
[M::mem_pestat] low and high boundaries for computing mean and std.dev: (1, 513)
[M::mem_pestat] mean and std.dev: (221.41, 91.38)
[M::mem_pestat] low and high boundaries for proper pairs: (1, 630)
[M::mem_pestat] skip orientation RF as there are not enough pairs
[M::mem_pestat] skip orientation RR as there are not enough pairs
[M::mem_process_seqs] Processed 571206 reads in 62.674 CPU sec, 7.893 real sec
[M::process] 0 single-end sequences; 570810 paired-end sequences
[M::process] read 570464 sequences (80000127 bp)...
[M::mem_pestat] # candidate unique pairs for (FF, FR, RF, RR): (0, 209, 0, 0)
[M::mem_pestat] skip orientation FF as there are not enough pairs
[M::mem_pestat] analyzing insert size distribution for orientation FR...
[M::mem_pestat] (25, 50, 75) percentile: (157, 206, 265)
[M::mem_pestat] low and high boundaries for computing mean and std.dev: (1, 481)
[M::mem_pestat] mean and std.dev: (209.41, 74.31)
[M::mem_pestat] low and high boundaries for proper pairs: (1, 589)
[M::mem_pestat] skip orientation RF as there are not enough pairs
[M::mem_pestat] skip orientation RR as there are not enough pairs
[M::mem_process_seqs] Processed 570810 reads in 62.625 CPU sec, 7.893 real sec
[M::process] 0 single-end sequences; 570464 paired-end sequences
[M::process] read 570632 sequences (80000206 bp)...
[M::mem_pestat] # candidate unique pairs for (FF, FR, RF, RR): (0, 178, 0, 0)
[M::mem_pestat] skip orientation FF as there are not enough pairs
[M::mem_pestat] analyzing insert size distribution for orientation FR...
[M::mem_pestat] (25, 50, 75) percentile: (157, 213, 281)
[M::mem_pestat] low and high boundaries for computing mean and std.dev: (1, 529)
[M::mem_pestat] mean and std.dev: (225.41, 92.86)
[M::mem_pestat] low and high boundaries for proper pairs: (1, 653)
[M::mem_pestat] skip orientation RF as there are not enough pairs
[M::mem_pestat] skip orientation RR as there are not enough pairs
[M::mem_process_seqs] Processed 570464 reads in 62.465 CPU sec, 7.869 real sec
[M::process] 0 single-end sequences; 570632 paired-end sequences
[M::process] read 570044 sequences (80000012 bp)...
[M::mem_pestat] # candidate unique pairs for (FF, FR, RF, RR): (0, 227, 0, 0)
[M::mem_pestat] skip orientation FF as there are not enough pairs
[M::mem_pestat] analyzing insert size distribution for orientation FR...
[M::mem_pestat] (25, 50, 75) percentile: (167, 217, 274)
[M::mem_pestat] low and high boundaries for computing mean and std.dev: (1, 488)
[M::mem_pestat] mean and std.dev: (223.33, 84.83)
[M::mem_pestat] low and high boundaries for proper pairs: (1, 595)
[M::mem_pestat] skip orientation RF as there are not enough pairs
[M::mem_pestat] skip orientation RR as there are not enough pairs
[M::mem_process_seqs] Processed 570632 reads in 62.845 CPU sec, 7.927 real sec
[M::process] 0 single-end sequences; 570044 paired-end sequences
[M::mem_pestat] # candidate unique pairs for (FF, FR, RF, RR): (0, 229, 0, 0)
[M::mem_pestat] skip orientation FF as there are not enough pairs
[M::mem_pestat] analyzing insert size distribution for orientation FR...
[M::mem_pestat] (25, 50, 75) percentile: (168, 206, 280)
[M::mem_pestat] low and high boundaries for computing mean and std.dev: (1, 504)
[M::mem_pestat] mean and std.dev: (224.75, 85.91)
[M::mem_pestat] low and high boundaries for proper pairs: (1, 616)
[M::mem_pestat] skip orientation RF as there are not enough pairs
[M::mem_pestat] skip orientation RR as there are not enough pairs
[M::mem_process_seqs] Processed 570044 reads in 62.647 CPU sec, 7.911 real sec
[M::process] read 570376 sequences (80000169 bp)...
[M::process] 0 single-end sequences; 570376 paired-end sequences
[M::process] read 570616 sequences (80000080 bp)...
[M::mem_pestat] # candidate unique pairs for (FF, FR, RF, RR): (0, 198, 0, 0)
[M::mem_pestat] skip orientation FF as there are not enough pairs
[M::mem_pestat] analyzing insert size distribution for orientation FR...
[M::mem_pestat] (25, 50, 75) percentile: (160, 222, 286)
[M::mem_pestat] low and high boundaries for computing mean and std.dev: (1, 538)
[M::mem_pestat] mean and std.dev: (232.77, 99.23)
[M::mem_pestat] low and high boundaries for proper pairs: (1, 664)
[M::mem_pestat] skip orientation RF as there are not enough pairs
[M::mem_pestat] skip orientation RR as there are not enough pairs
[M::mem_process_seqs] Processed 570376 reads in 62.404 CPU sec, 7.868 real sec
[M::process] 0 single-end sequences; 570616 paired-end sequences
[M::mem_pestat] # candidate unique pairs for (FF, FR, RF, RR): (0, 189, 0, 0)
[M::mem_pestat] skip orientation FF as there are not enough pairs
[M::mem_pestat] analyzing insert size distribution for orientation FR...
[M::mem_pestat] (25, 50, 75) percentile: (165, 213, 277)
[M::mem_pestat] low and high boundaries for computing mean and std.dev: (1, 501)
[M::mem_pestat] mean and std.dev: (227.10, 88.33)
[M::mem_pestat] low and high boundaries for proper pairs: (1, 613)
[M::mem_pestat] skip orientation RF as there are not enough pairs
[M::mem_pestat] skip orientation RR as there are not enough pairs
[M::mem_process_seqs] Processed 570616 reads in 59.399 CPU sec, 7.489 real sec
[M::process] read 571116 sequences (80000244 bp)...
[M::process] 0 single-end sequences; 571116 paired-end sequences
[M::process] read 570560 sequences (80000284 bp)...
[M::mem_pestat] # candidate unique pairs for (FF, FR, RF, RR): (0, 184, 0, 0)
[M::mem_pestat] skip orientation FF as there are not enough pairs
[M::mem_pestat] analyzing insert size distribution for orientation FR...
[M::mem_pestat] (25, 50, 75) percentile: (165, 217, 276)
[M::mem_pestat] low and high boundaries for computing mean and std.dev: (1, 498)
[M::mem_pestat] mean and std.dev: (219.95, 83.90)
[M::mem_pestat] low and high boundaries for proper pairs: (1, 609)
[M::mem_pestat] skip orientation RF as there are not enough pairs
[M::mem_pestat] skip orientation RR as there are not enough pairs
[M::mem_process_seqs] Processed 571116 reads in 62.230 CPU sec, 7.835 real sec
[M::process] 0 single-end sequences; 570560 paired-end sequences
[M::process] read 571664 sequences (80000077 bp)...
[M::mem_pestat] # candidate unique pairs for (FF, FR, RF, RR): (0, 194, 0, 0)
[M::mem_pestat] skip orientation FF as there are not enough pairs
[M::mem_pestat] analyzing insert size distribution for orientation FR...
[M::mem_pestat] (25, 50, 75) percentile: (152, 205, 260)
[M::mem_pestat] low and high boundaries for computing mean and std.dev: (1, 476)
[M::mem_pestat] mean and std.dev: (213.82, 81.47)
[M::mem_pestat] low and high boundaries for proper pairs: (1, 584)
[M::mem_pestat] skip orientation RF as there are not enough pairs
[M::mem_pestat] skip orientation RR as there are not enough pairs
[M::mem_process_seqs] Processed 570560 reads in 62.391 CPU sec, 7.861 real sec
[M::process] 0 single-end sequences; 571664 paired-end sequences
[M::process] read 570882 sequences (80000084 bp)...
[M::mem_pestat] # candidate unique pairs for (FF, FR, RF, RR): (0, 205, 0, 0)
[M::mem_pestat] skip orientation FF as there are not enough pairs
[M::mem_pestat] analyzing insert size distribution for orientation FR...
[M::mem_pestat] (25, 50, 75) percentile: (173, 231, 283)
[M::mem_pestat] low and high boundaries for computing mean and std.dev: (1, 503)
[M::mem_pestat] mean and std.dev: (231.24, 83.03)
[M::mem_pestat] low and high boundaries for proper pairs: (1, 613)
[M::mem_pestat] skip orientation RF as there are not enough pairs
[M::mem_pestat] skip orientation RR as there are not enough pairs
[M::mem_process_seqs] Processed 571664 reads in 62.311 CPU sec, 7.865 real sec
[M::process] 0 single-end sequences; 570882 paired-end sequences
[M::process] read 570802 sequences (80000208 bp)...
[M::mem_pestat] # candidate unique pairs for (FF, FR, RF, RR): (0, 216, 0, 0)
[M::mem_pestat] skip orientation FF as there are not enough pairs
[M::mem_pestat] analyzing insert size distribution for orientation FR...
[M::mem_pestat] (25, 50, 75) percentile: (167, 216, 283)
[M::mem_pestat] low and high boundaries for computing mean and std.dev: (1, 515)
[M::mem_pestat] mean and std.dev: (226.25, 84.19)
[M::mem_pestat] low and high boundaries for proper pairs: (1, 631)
[M::mem_pestat] skip orientation RF as there are not enough pairs
[M::mem_pestat] skip orientation RR as there are not enough pairs
[M::mem_process_seqs] Processed 570882 reads in 63.186 CPU sec, 7.967 real sec
[M::process] 0 single-end sequences; 570802 paired-end sequences
[M::process] read 572674 sequences (80000046 bp)...
[M::mem_pestat] # candidate unique pairs for (FF, FR, RF, RR): (0, 200, 0, 0)
[M::mem_pestat] skip orientation FF as there are not enough pairs
[M::mem_pestat] analyzing insert size distribution for orientation FR...
[M::mem_pestat] (25, 50, 75) percentile: (162, 211, 274)
[M::mem_pestat] low and high boundaries for computing mean and std.dev: (1, 498)
[M::mem_pestat] mean and std.dev: (218.56, 86.62)
[M::mem_pestat] low and high boundaries for proper pairs: (1, 610)
[M::mem_pestat] skip orientation RF as there are not enough pairs
[M::mem_pestat] skip orientation RR as there are not enough pairs
[M::mem_process_seqs] Processed 570802 reads in 63.138 CPU sec, 7.952 real sec
[M::process] 0 single-end sequences; 572674 paired-end sequences
[M::process] read 572520 sequences (80000098 bp)...
[M::mem_pestat] # candidate unique pairs for (FF, FR, RF, RR): (0, 200, 0, 0)
[M::mem_pestat] skip orientation FF as there are not enough pairs
[M::mem_pestat] analyzing insert size distribution for orientation FR...
[M::mem_pestat] (25, 50, 75) percentile: (173, 223, 277)
[M::mem_pestat] low and high boundaries for computing mean and std.dev: (1, 485)
[M::mem_pestat] mean and std.dev: (225.57, 83.07)
[M::mem_pestat] low and high boundaries for proper pairs: (1, 589)
[M::mem_pestat] skip orientation RF as there are not enough pairs
[M::mem_pestat] skip orientation RR as there are not enough pairs
[M::mem_process_seqs] Processed 572674 reads in 62.357 CPU sec, 7.855 real sec
[M::process] 0 single-end sequences; 572520 paired-end sequences
[M::process] read 572290 sequences (80000212 bp)...
[M::mem_pestat] # candidate unique pairs for (FF, FR, RF, RR): (0, 199, 0, 0)
[M::mem_pestat] skip orientation FF as there are not enough pairs
[M::mem_pestat] analyzing insert size distribution for orientation FR...
[M::mem_pestat] (25, 50, 75) percentile: (159, 219, 275)
[M::mem_pestat] low and high boundaries for computing mean and std.dev: (1, 507)
[M::mem_pestat] mean and std.dev: (221.07, 88.54)
[M::mem_pestat] low and high boundaries for proper pairs: (1, 623)
[M::mem_pestat] skip orientation RF as there are not enough pairs
[M::mem_pestat] skip orientation RR as there are not enough pairs
[M::mem_process_seqs] Processed 572520 reads in 62.623 CPU sec, 7.891 real sec
[M::process] 0 single-end sequences; 572290 paired-end sequences
[M::process] read 572540 sequences (80000221 bp)...
[M::mem_pestat] # candidate unique pairs for (FF, FR, RF, RR): (0, 198, 0, 0)
[M::mem_pestat] skip orientation FF as there are not enough pairs
[M::mem_pestat] analyzing insert size distribution for orientation FR...
[M::mem_pestat] (25, 50, 75) percentile: (160, 215, 283)
[M::mem_pestat] low and high boundaries for computing mean and std.dev: (1, 529)
[M::mem_pestat] mean and std.dev: (227.14, 96.96)
[M::mem_pestat] low and high boundaries for proper pairs: (1, 652)
[M::mem_pestat] skip orientation RF as there are not enough pairs
[M::mem_pestat] skip orientation RR as there are not enough pairs
[M::mem_process_seqs] Processed 572290 reads in 62.876 CPU sec, 7.933 real sec
[M::process] 0 single-end sequences; 572540 paired-end sequences
[M::process] read 571432 sequences (80000256 bp)...
[M::mem_pestat] # candidate unique pairs for (FF, FR, RF, RR): (0, 189, 0, 0)
[M::mem_pestat] skip orientation FF as there are not enough pairs
[M::mem_pestat] analyzing insert size distribution for orientation FR...
[M::mem_pestat] (25, 50, 75) percentile: (166, 220, 270)
[M::mem_pestat] low and high boundaries for computing mean and std.dev: (1, 478)
[M::mem_pestat] mean and std.dev: (223.46, 88.74)
[M::mem_pestat] low and high boundaries for proper pairs: (1, 582)
[M::mem_pestat] skip orientation RF as there are not enough pairs
[M::mem_pestat] skip orientation RR as there are not enough pairs
[M::mem_process_seqs] Processed 572540 reads in 62.766 CPU sec, 7.919 real sec
[M::process] 0 single-end sequences; 571432 paired-end sequences
[M::process] read 571144 sequences (80000100 bp)...
[M::mem_pestat] # candidate unique pairs for (FF, FR, RF, RR): (0, 214, 0, 0)
[M::mem_pestat] skip orientation FF as there are not enough pairs
[M::mem_pestat] analyzing insert size distribution for orientation FR...
[M::mem_pestat] (25, 50, 75) percentile: (167, 214, 258)
[M::mem_pestat] low and high boundaries for computing mean and std.dev: (1, 440)
[M::mem_pestat] mean and std.dev: (211.66, 69.16)
[M::mem_pestat] low and high boundaries for proper pairs: (1, 531)
[M::mem_pestat] skip orientation RF as there are not enough pairs
[M::mem_pestat] skip orientation RR as there are not enough pairs
[M::mem_process_seqs] Processed 571432 reads in 63.022 CPU sec, 7.945 real sec
[M::process] 0 single-end sequences; 571144 paired-end sequences
[M::process] read 571692 sequences (80000259 bp)...
[M::mem_pestat] # candidate unique pairs for (FF, FR, RF, RR): (0, 217, 0, 0)
[M::mem_pestat] skip orientation FF as there are not enough pairs
[M::mem_pestat] analyzing insert size distribution for orientation FR...
[M::mem_pestat] (25, 50, 75) percentile: (167, 215, 273)
[M::mem_pestat] low and high boundaries for computing mean and std.dev: (1, 485)
[M::mem_pestat] mean and std.dev: (221.51, 86.08)
[M::mem_pestat] low and high boundaries for proper pairs: (1, 591)
[M::mem_pestat] skip orientation RF as there are not enough pairs
[M::mem_pestat] skip orientation RR as there are not enough pairs
[M::mem_process_seqs] Processed 571144 reads in 62.401 CPU sec, 7.860 real sec
[M::process] 0 single-end sequences; 571692 paired-end sequences
[M::process] read 572184 sequences (80000085 bp)...
[M::mem_pestat] # candidate unique pairs for (FF, FR, RF, RR): (0, 173, 0, 0)
[M::mem_pestat] skip orientation FF as there are not enough pairs
[M::mem_pestat] analyzing insert size distribution for orientation FR...
[M::mem_pestat] (25, 50, 75) percentile: (174, 220, 282)
[M::mem_pestat] low and high boundaries for computing mean and std.dev: (1, 498)
[M::mem_pestat] mean and std.dev: (231.83, 85.63)
[M::mem_pestat] low and high boundaries for proper pairs: (1, 606)
[M::mem_pestat] skip orientation RF as there are not enough pairs
[M::mem_pestat] skip orientation RR as there are not enough pairs
[M::mem_process_seqs] Processed 571692 reads in 62.906 CPU sec, 7.921 real sec
[M::process] 0 single-end sequences; 572184 paired-end sequences
[M::mem_pestat] # candidate unique pairs for (FF, FR, RF, RR): (0, 184, 0, 0)
[M::mem_pestat] skip orientation FF as there are not enough pairs
[M::mem_pestat] analyzing insert size distribution for orientation FR...
[M::mem_pestat] (25, 50, 75) percentile: (165, 222, 282)
[M::mem_pestat] low and high boundaries for computing mean and std.dev: (1, 516)
[M::mem_pestat] mean and std.dev: (233.72, 93.35)
[M::mem_pestat] low and high boundaries for proper pairs: (1, 633)
[M::mem_pestat] skip orientation RF as there are not enough pairs
[M::mem_pestat] skip orientation RR as there are not enough pairs
[M::process] read 572180 sequences (80000274 bp)...
[M::mem_process_seqs] Processed 572184 reads in 62.948 CPU sec, 7.943 real sec
[M::process] 0 single-end sequences; 572180 paired-end sequences
[M::process] read 572098 sequences (80000114 bp)...
[M::mem_pestat] # candidate unique pairs for (FF, FR, RF, RR): (0, 211, 0, 0)
[M::mem_pestat] skip orientation FF as there are not enough pairs
[M::mem_pestat] analyzing insert size distribution for orientation FR...
[M::mem_pestat] (25, 50, 75) percentile: (162, 202, 279)
[M::mem_pestat] low and high boundaries for computing mean and std.dev: (1, 513)
[M::mem_pestat] mean and std.dev: (220.65, 89.81)
[M::mem_pestat] low and high boundaries for proper pairs: (1, 630)
[M::mem_pestat] skip orientation RF as there are not enough pairs
[M::mem_pestat] skip orientation RR as there are not enough pairs
[M::mem_process_seqs] Processed 572180 reads in 62.722 CPU sec, 7.901 real sec
[M::process] 0 single-end sequences; 572098 paired-end sequences
[M::mem_pestat] # candidate unique pairs for (FF, FR, RF, RR): (0, 170, 0, 0)
[M::mem_pestat] skip orientation FF as there are not enough pairs
[M::mem_pestat] analyzing insert size distribution for orientation FR...
[M::mem_pestat] (25, 50, 75) percentile: (170, 220, 273)
[M::mem_pestat] low and high boundaries for computing mean and std.dev: (1, 479)
[M::mem_pestat] mean and std.dev: (225.50, 81.65)
[M::mem_pestat] low and high boundaries for proper pairs: (1, 582)
[M::mem_pestat] skip orientation RF as there are not enough pairs
[M::mem_pestat] skip orientation RR as there are not enough pairs
[M::mem_process_seqs] Processed 572098 reads in 58.476 CPU sec, 7.397 real sec
[M::process] read 572410 sequences (80000107 bp)...
[M::process] 0 single-end sequences; 572410 paired-end sequences
[M::process] read 572330 sequences (80000178 bp)...
[M::mem_pestat] # candidate unique pairs for (FF, FR, RF, RR): (0, 188, 0, 0)
[M::mem_pestat] skip orientation FF as there are not enough pairs
[M::mem_pestat] analyzing insert size distribution for orientation FR...
[M::mem_pestat] (25, 50, 75) percentile: (169, 223, 295)
[M::mem_pestat] low and high boundaries for computing mean and std.dev: (1, 547)
[M::mem_pestat] mean and std.dev: (237.81, 94.75)
[M::mem_pestat] low and high boundaries for proper pairs: (1, 673)
[M::mem_pestat] skip orientation RF as there are not enough pairs
[M::mem_pestat] skip orientation RR as there are not enough pairs
[M::mem_process_seqs] Processed 572410 reads in 62.602 CPU sec, 7.892 real sec
[M::process] 0 single-end sequences; 572330 paired-end sequences
[M::mem_pestat] # candidate unique pairs for (FF, FR, RF, RR): (0, 244, 0, 0)
[M::mem_pestat] skip orientation FF as there are not enough pairs
[M::mem_pestat] analyzing insert size distribution for orientation FR...
[M::mem_pestat] (25, 50, 75) percentile: (163, 206, 262)
[M::mem_pestat] low and high boundaries for computing mean and std.dev: (1, 460)
[M::mem_pestat] mean and std.dev: (211.16, 74.19)
[M::mem_pestat] low and high boundaries for proper pairs: (1, 559)
[M::mem_pestat] skip orientation RF as there are not enough pairs
[M::mem_pestat] skip orientation RR as there are not enough pairs
[M::mem_process_seqs] Processed 572330 reads in 60.999 CPU sec, 7.663 real sec
[M::process] read 570344 sequences (80000034 bp)...
[M::process] 0 single-end sequences; 570344 paired-end sequences
[M::mem_pestat] # candidate unique pairs for (FF, FR, RF, RR): (0, 184, 0, 0)
[M::mem_pestat] skip orientation FF as there are not enough pairs
[M::mem_pestat] analyzing insert size distribution for orientation FR...
[M::mem_pestat] (25, 50, 75) percentile: (148, 211, 271)
[M::mem_pestat] low and high boundaries for computing mean and std.dev: (1, 517)
[M::mem_pestat] mean and std.dev: (217.73, 94.09)
[M::mem_pestat] low and high boundaries for proper pairs: (1, 640)
[M::mem_pestat] skip orientation RF as there are not enough pairs
[M::mem_pestat] skip orientation RR as there are not enough pairs
[M::mem_process_seqs] Processed 570344 reads in 60.951 CPU sec, 7.658 real sec
[M::process] read 570104 sequences (80000277 bp)...
[M::process] 0 single-end sequences; 570104 paired-end sequences
[M::mem_pestat] # candidate unique pairs for (FF, FR, RF, RR): (0, 187, 0, 0)
[M::mem_pestat] skip orientation FF as there are not enough pairs
[M::mem_pestat] analyzing insert size distribution for orientation FR...
[M::mem_pestat] (25, 50, 75) percentile: (161, 220, 286)
[M::mem_pestat] low and high boundaries for computing mean and std.dev: (1, 536)
[M::mem_pestat] mean and std.dev: (231.49, 96.47)
[M::mem_pestat] low and high boundaries for proper pairs: (1, 661)
[M::mem_pestat] skip orientation RF as there are not enough pairs
[M::mem_pestat] skip orientation RR as there are not enough pairs
[M::mem_process_seqs] Processed 570104 reads in 60.958 CPU sec, 7.663 real sec
[M::process] read 569652 sequences (80000229 bp)...
[M::process] 0 single-end sequences; 569652 paired-end sequences
[M::process] read 569540 sequences (80000234 bp)...
[M::mem_pestat] # candidate unique pairs for (FF, FR, RF, RR): (0, 201, 0, 0)
[M::mem_pestat] skip orientation FF as there are not enough pairs
[M::mem_pestat] analyzing insert size distribution for orientation FR...
[M::mem_pestat] (25, 50, 75) percentile: (154, 210, 271)
[M::mem_pestat] low and high boundaries for computing mean and std.dev: (1, 505)
[M::mem_pestat] mean and std.dev: (215.51, 96.60)
[M::mem_pestat] low and high boundaries for proper pairs: (1, 622)
[M::mem_pestat] skip orientation RF as there are not enough pairs
[M::mem_pestat] skip orientation RR as there are not enough pairs
[M::mem_process_seqs] Processed 569652 reads in 61.474 CPU sec, 7.750 real sec
[M::process] 0 single-end sequences; 569540 paired-end sequences
[M::process] read 569114 sequences (80000014 bp)...
[M::mem_pestat] # candidate unique pairs for (FF, FR, RF, RR): (0, 186, 0, 0)
[M::mem_pestat] skip orientation FF as there are not enough pairs
[M::mem_pestat] analyzing insert size distribution for orientation FR...
[M::mem_pestat] (25, 50, 75) percentile: (171, 219, 280)
[M::mem_pestat] low and high boundaries for computing mean and std.dev: (1, 498)
[M::mem_pestat] mean and std.dev: (226.92, 83.06)
[M::mem_pestat] low and high boundaries for proper pairs: (1, 607)
[M::mem_pestat] skip orientation RF as there are not enough pairs
[M::mem_pestat] skip orientation RR as there are not enough pairs
[M::mem_process_seqs] Processed 569540 reads in 62.626 CPU sec, 7.885 real sec
[M::process] 0 single-end sequences; 569114 paired-end sequences
[M::mem_pestat] # candidate unique pairs for (FF, FR, RF, RR): (0, 212, 0, 0)
[M::mem_pestat] skip orientation FF as there are not enough pairs
[M::mem_pestat] analyzing insert size distribution for orientation FR...
[M::mem_pestat] (25, 50, 75) percentile: (169, 223, 295)
[M::mem_pestat] low and high boundaries for computing mean and std.dev: (1, 547)
[M::mem_pestat] mean and std.dev: (232.22, 95.33)
[M::mem_pestat] low and high boundaries for proper pairs: (1, 673)
[M::mem_pestat] skip orientation RF as there are not enough pairs
[M::mem_pestat] skip orientation RR as there are not enough pairs
[M::mem_process_seqs] Processed 569114 reads in 56.306 CPU sec, 7.081 real sec
[M::process] read 569188 sequences (80000123 bp)...
[M::process] 0 single-end sequences; 569188 paired-end sequences
[M::process] read 569538 sequences (80000228 bp)...
[M::mem_pestat] # candidate unique pairs for (FF, FR, RF, RR): (0, 200, 0, 0)
[M::mem_pestat] skip orientation FF as there are not enough pairs
[M::mem_pestat] analyzing insert size distribution for orientation FR...
[M::mem_pestat] (25, 50, 75) percentile: (169, 217, 274)
[M::mem_pestat] low and high boundaries for computing mean and std.dev: (1, 484)
[M::mem_pestat] mean and std.dev: (223.97, 81.93)
[M::mem_pestat] low and high boundaries for proper pairs: (1, 589)
[M::mem_pestat] skip orientation RF as there are not enough pairs
[M::mem_pestat] skip orientation RR as there are not enough pairs
[M::mem_process_seqs] Processed 569188 reads in 61.325 CPU sec, 7.719 real sec
[M::process] 0 single-end sequences; 569538 paired-end sequences
[M::process] read 570208 sequences (80000054 bp)...
[M::mem_pestat] # candidate unique pairs for (FF, FR, RF, RR): (0, 196, 0, 0)
[M::mem_pestat] skip orientation FF as there are not enough pairs
[M::mem_pestat] analyzing insert size distribution for orientation FR...
[M::mem_pestat] (25, 50, 75) percentile: (158, 218, 278)
[M::mem_pestat] low and high boundaries for computing mean and std.dev: (1, 518)
[M::mem_pestat] mean and std.dev: (223.99, 87.84)
[M::mem_pestat] low and high boundaries for proper pairs: (1, 638)
[M::mem_pestat] skip orientation RF as there are not enough pairs
[M::mem_pestat] skip orientation RR as there are not enough pairs
[M::mem_process_seqs] Processed 569538 reads in 62.748 CPU sec, 7.917 real sec
[M::process] 0 single-end sequences; 570208 paired-end sequences
[M::mem_pestat] # candidate unique pairs for (FF, FR, RF, RR): (0, 207, 0, 0)
[M::mem_pestat] skip orientation FF as there are not enough pairs
[M::mem_pestat] analyzing insert size distribution for orientation FR...
[M::mem_pestat] (25, 50, 75) percentile: (169, 213, 274)
[M::mem_pestat] low and high boundaries for computing mean and std.dev: (1, 484)
[M::mem_pestat] mean and std.dev: (223.15, 79.40)
[M::mem_pestat] low and high boundaries for proper pairs: (1, 589)
[M::mem_pestat] skip orientation RF as there are not enough pairs
[M::mem_pestat] skip orientation RR as there are not enough pairs
[M::mem_process_seqs] Processed 570208 reads in 62.482 CPU sec, 7.880 real sec
[M::process] read 571270 sequences (80000248 bp)...
[M::process] 0 single-end sequences; 571270 paired-end sequences
[M::mem_pestat] # candidate unique pairs for (FF, FR, RF, RR): (0, 182, 0, 0)
[M::mem_pestat] skip orientation FF as there are not enough pairs
[M::mem_pestat] analyzing insert size distribution for orientation FR...
[M::mem_pestat] (25, 50, 75) percentile: (164, 212, 277)
[M::mem_pestat] low and high boundaries for computing mean and std.dev: (1, 503)
[M::mem_pestat] mean and std.dev: (227.41, 94.55)
[M::mem_pestat] low and high boundaries for proper pairs: (1, 616)
[M::mem_pestat] skip orientation RF as there are not enough pairs
[M::mem_pestat] skip orientation RR as there are not enough pairs
[M::mem_process_seqs] Processed 571270 reads in 62.290 CPU sec, 7.842 real sec
[M::process] read 570910 sequences (80000214 bp)...
[M::process] 0 single-end sequences; 570910 paired-end sequences
[M::process] read 570810 sequences (80000050 bp)...
[M::mem_pestat] # candidate unique pairs for (FF, FR, RF, RR): (0, 198, 0, 0)
[M::mem_pestat] skip orientation FF as there are not enough pairs
[M::mem_pestat] analyzing insert size distribution for orientation FR...
[M::mem_pestat] (25, 50, 75) percentile: (165, 216, 285)
[M::mem_pestat] low and high boundaries for computing mean and std.dev: (1, 525)
[M::mem_pestat] mean and std.dev: (220.06, 86.51)
[M::mem_pestat] low and high boundaries for proper pairs: (1, 645)
[M::mem_pestat] skip orientation RF as there are not enough pairs
[M::mem_pestat] skip orientation RR as there are not enough pairs
[M::mem_process_seqs] Processed 570910 reads in 61.633 CPU sec, 7.759 real sec
[M::process] 0 single-end sequences; 570810 paired-end sequences
[M::process] read 571782 sequences (80000079 bp)...
[M::mem_pestat] # candidate unique pairs for (FF, FR, RF, RR): (0, 191, 0, 0)
[M::mem_pestat] skip orientation FF as there are not enough pairs
[M::mem_pestat] analyzing insert size distribution for orientation FR...
[M::mem_pestat] (25, 50, 75) percentile: (157, 213, 277)
[M::mem_pestat] low and high boundaries for computing mean and std.dev: (1, 517)
[M::mem_pestat] mean and std.dev: (218.45, 90.30)
[M::mem_pestat] low and high boundaries for proper pairs: (1, 637)
[M::mem_pestat] skip orientation RF as there are not enough pairs
[M::mem_pestat] skip orientation RR as there are not enough pairs
[M::mem_process_seqs] Processed 570810 reads in 62.913 CPU sec, 7.925 real sec
[M::process] 0 single-end sequences; 571782 paired-end sequences
[M::process] read 391534 sequences (54912072 bp)...
[M::mem_pestat] # candidate unique pairs for (FF, FR, RF, RR): (0, 203, 0, 0)
[M::mem_pestat] skip orientation FF as there are not enough pairs
[M::mem_pestat] analyzing insert size distribution for orientation FR...
[M::mem_pestat] (25, 50, 75) percentile: (162, 213, 279)
[M::mem_pestat] low and high boundaries for computing mean and std.dev: (1, 513)
[M::mem_pestat] mean and std.dev: (224.14, 92.68)
[M::mem_pestat] low and high boundaries for proper pairs: (1, 630)
[M::mem_pestat] skip orientation RF as there are not enough pairs
[M::mem_pestat] skip orientation RR as there are not enough pairs
[M::mem_process_seqs] Processed 571782 reads in 62.356 CPU sec, 7.839 real sec
[M::process] 0 single-end sequences; 391534 paired-end sequences
[M::mem_pestat] # candidate unique pairs for (FF, FR, RF, RR): (0, 118, 0, 0)
[M::mem_pestat] skip orientation FF as there are not enough pairs
[M::mem_pestat] analyzing insert size distribution for orientation FR...
[M::mem_pestat] (25, 50, 75) percentile: (157, 213, 286)
[M::mem_pestat] low and high boundaries for computing mean and std.dev: (1, 544)
[M::mem_pestat] mean and std.dev: (224.38, 91.79)
[M::mem_pestat] low and high boundaries for proper pairs: (1, 673)
[M::mem_pestat] skip orientation RF as there are not enough pairs
[M::mem_pestat] skip orientation RR as there are not enough pairs
[M::mem_process_seqs] Processed 391534 reads in 42.050 CPU sec, 5.309 real sec
[main] Version: 0.7.12-r1039
[main] CMD: /usr/bin/bwa mem -t 8 -p treesapp_out_dir_depth200RNA/various_outputs/SI072_LV_200m_DNA.scaffolds_genes.fna bucket/MetaT_reads/SI072_LV_200m.qtrim.3ptrim.artifact.rRNA.clean.fastq.gz
[main] Real time: 612.017 sec; CPU: 4549.653 sec
