[M::bwa_idx_load_from_disk] read 0 ALT contigs
[M::process] read 569926 sequences (80000059 bp)...
[M::process] 0 single-end sequences; 569926 paired-end sequences
[M::process] read 567678 sequences (80000005 bp)...
[M::mem_pestat] # candidate unique pairs for (FF, FR, RF, RR): (0, 234, 0, 0)
[M::mem_pestat] skip orientation FF as there are not enough pairs
[M::mem_pestat] analyzing insert size distribution for orientation FR...
[M::mem_pestat] (25, 50, 75) percentile: (167, 224, 294)
[M::mem_pestat] low and high boundaries for computing mean and std.dev: (1, 548)
[M::mem_pestat] mean and std.dev: (234.01, 94.50)
[M::mem_pestat] low and high boundaries for proper pairs: (1, 675)
[M::mem_pestat] skip orientation RF as there are not enough pairs
[M::mem_pestat] skip orientation RR as there are not enough pairs
[M::mem_process_seqs] Processed 569926 reads in 56.165 CPU sec, 7.441 real sec
[M::process] 0 single-end sequences; 567678 paired-end sequences
[M::process] read 566902 sequences (80000084 bp)...
[M::mem_pestat] # candidate unique pairs for (FF, FR, RF, RR): (0, 243, 0, 0)
[M::mem_pestat] skip orientation FF as there are not enough pairs
[M::mem_pestat] analyzing insert size distribution for orientation FR...
[M::mem_pestat] (25, 50, 75) percentile: (164, 214, 267)
[M::mem_pestat] low and high boundaries for computing mean and std.dev: (1, 473)
[M::mem_pestat] mean and std.dev: (223.51, 83.34)
[M::mem_pestat] low and high boundaries for proper pairs: (1, 576)
[M::mem_pestat] skip orientation RF as there are not enough pairs
[M::mem_pestat] skip orientation RR as there are not enough pairs
[M::mem_process_seqs] Processed 567678 reads in 62.177 CPU sec, 7.844 real sec
[M::process] 0 single-end sequences; 566902 paired-end sequences
[M::process] read 566790 sequences (80000214 bp)...
[M::mem_pestat] # candidate unique pairs for (FF, FR, RF, RR): (0, 257, 0, 0)
[M::mem_pestat] skip orientation FF as there are not enough pairs
[M::mem_pestat] analyzing insert size distribution for orientation FR...
[M::mem_pestat] (25, 50, 75) percentile: (163, 204, 263)
[M::mem_pestat] low and high boundaries for computing mean and std.dev: (1, 463)
[M::mem_pestat] mean and std.dev: (209.77, 85.21)
[M::mem_pestat] low and high boundaries for proper pairs: (1, 563)
[M::mem_pestat] skip orientation RF as there are not enough pairs
[M::mem_pestat] skip orientation RR as there are not enough pairs
[M::mem_process_seqs] Processed 566902 reads in 61.941 CPU sec, 7.846 real sec
[M::process] 0 single-end sequences; 566790 paired-end sequences
[M::process] read 567464 sequences (80000148 bp)...
[M::mem_pestat] # candidate unique pairs for (FF, FR, RF, RR): (0, 230, 0, 0)
[M::mem_pestat] skip orientation FF as there are not enough pairs
[M::mem_pestat] analyzing insert size distribution for orientation FR...
[M::mem_pestat] (25, 50, 75) percentile: (150, 208, 277)
[M::mem_pestat] low and high boundaries for computing mean and std.dev: (1, 531)
[M::mem_pestat] mean and std.dev: (218.19, 102.18)
[M::mem_pestat] low and high boundaries for proper pairs: (1, 658)
[M::mem_pestat] skip orientation RF as there are not enough pairs
[M::mem_pestat] skip orientation RR as there are not enough pairs
[M::mem_process_seqs] Processed 566790 reads in 62.221 CPU sec, 7.852 real sec
[M::process] 0 single-end sequences; 567464 paired-end sequences
[M::process] read 567316 sequences (80000252 bp)...
[M::mem_pestat] # candidate unique pairs for (FF, FR, RF, RR): (0, 231, 0, 0)
[M::mem_pestat] skip orientation FF as there are not enough pairs
[M::mem_pestat] analyzing insert size distribution for orientation FR...
[M::mem_pestat] (25, 50, 75) percentile: (175, 231, 300)
[M::mem_pestat] low and high boundaries for computing mean and std.dev: (1, 550)
[M::mem_pestat] mean and std.dev: (239.80, 92.54)
[M::mem_pestat] low and high boundaries for proper pairs: (1, 675)
[M::mem_pestat] skip orientation RF as there are not enough pairs
[M::mem_pestat] skip orientation RR as there are not enough pairs
[M::mem_process_seqs] Processed 567464 reads in 61.761 CPU sec, 7.797 real sec
[M::process] 0 single-end sequences; 567316 paired-end sequences
[M::process] read 569878 sequences (80000125 bp)...
[M::mem_pestat] # candidate unique pairs for (FF, FR, RF, RR): (0, 207, 0, 0)
[M::mem_pestat] skip orientation FF as there are not enough pairs
[M::mem_pestat] analyzing insert size distribution for orientation FR...
[M::mem_pestat] (25, 50, 75) percentile: (174, 217, 263)
[M::mem_pestat] low and high boundaries for computing mean and std.dev: (1, 441)
[M::mem_pestat] mean and std.dev: (219.73, 72.47)
[M::mem_pestat] low and high boundaries for proper pairs: (1, 530)
[M::mem_pestat] skip orientation RF as there are not enough pairs
[M::mem_pestat] skip orientation RR as there are not enough pairs
[M::mem_process_seqs] Processed 567316 reads in 62.211 CPU sec, 7.849 real sec
[M::process] 0 single-end sequences; 569878 paired-end sequences
[M::process] read 567514 sequences (80000247 bp)...
[M::mem_pestat] # candidate unique pairs for (FF, FR, RF, RR): (0, 213, 0, 0)
[M::mem_pestat] skip orientation FF as there are not enough pairs
[M::mem_pestat] analyzing insert size distribution for orientation FR...
[M::mem_pestat] (25, 50, 75) percentile: (165, 222, 291)
[M::mem_pestat] low and high boundaries for computing mean and std.dev: (1, 543)
[M::mem_pestat] mean and std.dev: (230.52, 91.75)
[M::mem_pestat] low and high boundaries for proper pairs: (1, 669)
[M::mem_pestat] skip orientation RF as there are not enough pairs
[M::mem_pestat] skip orientation RR as there are not enough pairs
[M::mem_process_seqs] Processed 569878 reads in 61.980 CPU sec, 7.809 real sec
[M::process] 0 single-end sequences; 567514 paired-end sequences
[M::process] read 566436 sequences (80000147 bp)...
[M::mem_pestat] # candidate unique pairs for (FF, FR, RF, RR): (0, 214, 0, 0)
[M::mem_pestat] skip orientation FF as there are not enough pairs
[M::mem_pestat] analyzing insert size distribution for orientation FR...
[M::mem_pestat] (25, 50, 75) percentile: (159, 215, 274)
[M::mem_pestat] low and high boundaries for computing mean and std.dev: (1, 504)
[M::mem_pestat] mean and std.dev: (219.92, 88.94)
[M::mem_pestat] low and high boundaries for proper pairs: (1, 619)
[M::mem_pestat] skip orientation RF as there are not enough pairs
[M::mem_pestat] skip orientation RR as there are not enough pairs
[M::mem_process_seqs] Processed 567514 reads in 62.119 CPU sec, 7.868 real sec
[M::process] 0 single-end sequences; 566436 paired-end sequences
[M::process] read 566452 sequences (80000068 bp)...
[M::mem_pestat] # candidate unique pairs for (FF, FR, RF, RR): (0, 247, 0, 0)
[M::mem_pestat] skip orientation FF as there are not enough pairs
[M::mem_pestat] analyzing insert size distribution for orientation FR...
[M::mem_pestat] (25, 50, 75) percentile: (167, 220, 287)
[M::mem_pestat] low and high boundaries for computing mean and std.dev: (1, 527)
[M::mem_pestat] mean and std.dev: (229.64, 91.97)
[M::mem_pestat] low and high boundaries for proper pairs: (1, 647)
[M::mem_pestat] skip orientation RF as there are not enough pairs
[M::mem_pestat] skip orientation RR as there are not enough pairs
[M::mem_process_seqs] Processed 566436 reads in 62.417 CPU sec, 7.899 real sec
[M::process] 0 single-end sequences; 566452 paired-end sequences
[M::process] read 566728 sequences (80000244 bp)...
[M::mem_pestat] # candidate unique pairs for (FF, FR, RF, RR): (0, 220, 0, 0)
[M::mem_pestat] skip orientation FF as there are not enough pairs
[M::mem_pestat] analyzing insert size distribution for orientation FR...
[M::mem_pestat] (25, 50, 75) percentile: (160, 216, 285)
[M::mem_pestat] low and high boundaries for computing mean and std.dev: (1, 535)
[M::mem_pestat] mean and std.dev: (227.07, 94.61)
[M::mem_pestat] low and high boundaries for proper pairs: (1, 660)
[M::mem_pestat] skip orientation RF as there are not enough pairs
[M::mem_pestat] skip orientation RR as there are not enough pairs
[M::mem_process_seqs] Processed 566452 reads in 62.086 CPU sec, 7.833 real sec
[M::process] 0 single-end sequences; 566728 paired-end sequences
[M::process] read 566648 sequences (80000038 bp)...
[M::mem_pestat] # candidate unique pairs for (FF, FR, RF, RR): (0, 233, 0, 0)
[M::mem_pestat] skip orientation FF as there are not enough pairs
[M::mem_pestat] analyzing insert size distribution for orientation FR...
[M::mem_pestat] (25, 50, 75) percentile: (167, 209, 273)
[M::mem_pestat] low and high boundaries for computing mean and std.dev: (1, 485)
[M::mem_pestat] mean and std.dev: (219.43, 84.49)
[M::mem_pestat] low and high boundaries for proper pairs: (1, 591)
[M::mem_pestat] skip orientation RF as there are not enough pairs
[M::mem_pestat] skip orientation RR as there are not enough pairs
[M::mem_process_seqs] Processed 566728 reads in 62.505 CPU sec, 7.899 real sec
[M::process] 0 single-end sequences; 566648 paired-end sequences
[M::process] read 567684 sequences (80000027 bp)...
[M::mem_pestat] # candidate unique pairs for (FF, FR, RF, RR): (0, 217, 0, 0)
[M::mem_pestat] skip orientation FF as there are not enough pairs
[M::mem_pestat] analyzing insert size distribution for orientation FR...
[M::mem_pestat] (25, 50, 75) percentile: (156, 205, 267)
[M::mem_pestat] low and high boundaries for computing mean and std.dev: (1, 489)
[M::mem_pestat] mean and std.dev: (212.00, 79.13)
[M::mem_pestat] low and high boundaries for proper pairs: (1, 600)
[M::mem_pestat] skip orientation RF as there are not enough pairs
[M::mem_pestat] skip orientation RR as there are not enough pairs
[M::mem_process_seqs] Processed 566648 reads in 62.548 CPU sec, 7.888 real sec
[M::process] 0 single-end sequences; 567684 paired-end sequences
[M::process] read 566244 sequences (80000129 bp)...
[M::mem_pestat] # candidate unique pairs for (FF, FR, RF, RR): (0, 212, 0, 0)
[M::mem_pestat] skip orientation FF as there are not enough pairs
[M::mem_pestat] analyzing insert size distribution for orientation FR...
[M::mem_pestat] (25, 50, 75) percentile: (147, 226, 285)
[M::mem_pestat] low and high boundaries for computing mean and std.dev: (1, 561)
[M::mem_pestat] mean and std.dev: (222.73, 104.15)
[M::mem_pestat] low and high boundaries for proper pairs: (1, 699)
[M::mem_pestat] skip orientation RF as there are not enough pairs
[M::mem_pestat] skip orientation RR as there are not enough pairs
[M::mem_process_seqs] Processed 567684 reads in 62.321 CPU sec, 7.851 real sec
[M::process] 0 single-end sequences; 566244 paired-end sequences
[M::process] read 565280 sequences (80000184 bp)...
[M::mem_pestat] # candidate unique pairs for (FF, FR, RF, RR): (0, 226, 0, 0)
[M::mem_pestat] skip orientation FF as there are not enough pairs
[M::mem_pestat] analyzing insert size distribution for orientation FR...
[M::mem_pestat] (25, 50, 75) percentile: (159, 215, 278)
[M::mem_pestat] low and high boundaries for computing mean and std.dev: (1, 516)
[M::mem_pestat] mean and std.dev: (219.44, 86.98)
[M::mem_pestat] low and high boundaries for proper pairs: (1, 635)
[M::mem_pestat] skip orientation RF as there are not enough pairs
[M::mem_pestat] skip orientation RR as there are not enough pairs
[M::mem_process_seqs] Processed 566244 reads in 62.733 CPU sec, 7.908 real sec
[M::process] 0 single-end sequences; 565280 paired-end sequences
[M::process] read 565460 sequences (80000151 bp)...
[M::mem_pestat] # candidate unique pairs for (FF, FR, RF, RR): (0, 216, 0, 0)
[M::mem_pestat] skip orientation FF as there are not enough pairs
[M::mem_pestat] analyzing insert size distribution for orientation FR...
[M::mem_pestat] (25, 50, 75) percentile: (175, 232, 297)
[M::mem_pestat] low and high boundaries for computing mean and std.dev: (1, 541)
[M::mem_pestat] mean and std.dev: (235.57, 92.41)
[M::mem_pestat] low and high boundaries for proper pairs: (1, 663)
[M::mem_pestat] skip orientation RF as there are not enough pairs
[M::mem_pestat] skip orientation RR as there are not enough pairs
[M::mem_process_seqs] Processed 565280 reads in 61.853 CPU sec, 7.799 real sec
[M::process] 0 single-end sequences; 565460 paired-end sequences
[M::process] read 565840 sequences (80000109 bp)...
[M::mem_pestat] # candidate unique pairs for (FF, FR, RF, RR): (0, 244, 0, 0)
[M::mem_pestat] skip orientation FF as there are not enough pairs
[M::mem_pestat] analyzing insert size distribution for orientation FR...
[M::mem_pestat] (25, 50, 75) percentile: (165, 205, 263)
[M::mem_pestat] low and high boundaries for computing mean and std.dev: (1, 459)
[M::mem_pestat] mean and std.dev: (217.48, 82.08)
[M::mem_pestat] low and high boundaries for proper pairs: (1, 557)
[M::mem_pestat] skip orientation RF as there are not enough pairs
[M::mem_pestat] skip orientation RR as there are not enough pairs
[M::mem_process_seqs] Processed 565460 reads in 61.867 CPU sec, 7.836 real sec
[M::process] 0 single-end sequences; 565840 paired-end sequences
[M::process] read 567076 sequences (80000003 bp)...
[M::mem_pestat] # candidate unique pairs for (FF, FR, RF, RR): (0, 215, 0, 0)
[M::mem_pestat] skip orientation FF as there are not enough pairs
[M::mem_pestat] analyzing insert size distribution for orientation FR...
[M::mem_pestat] (25, 50, 75) percentile: (155, 213, 277)
[M::mem_pestat] low and high boundaries for computing mean and std.dev: (1, 521)
[M::mem_pestat] mean and std.dev: (221.08, 92.97)
[M::mem_pestat] low and high boundaries for proper pairs: (1, 643)
[M::mem_pestat] skip orientation RF as there are not enough pairs
[M::mem_pestat] skip orientation RR as there are not enough pairs
[M::mem_process_seqs] Processed 565840 reads in 61.777 CPU sec, 7.848 real sec
[M::process] 0 single-end sequences; 567076 paired-end sequences
[M::process] read 570858 sequences (80000160 bp)...
[M::mem_pestat] # candidate unique pairs for (FF, FR, RF, RR): (0, 211, 0, 0)
[M::mem_pestat] skip orientation FF as there are not enough pairs
[M::mem_pestat] analyzing insert size distribution for orientation FR...
[M::mem_pestat] (25, 50, 75) percentile: (159, 209, 275)
[M::mem_pestat] low and high boundaries for computing mean and std.dev: (1, 507)
[M::mem_pestat] mean and std.dev: (217.05, 91.07)
[M::mem_pestat] low and high boundaries for proper pairs: (1, 623)
[M::mem_pestat] skip orientation RF as there are not enough pairs
[M::mem_pestat] skip orientation RR as there are not enough pairs
[M::mem_process_seqs] Processed 567076 reads in 61.935 CPU sec, 7.847 real sec
[M::process] 0 single-end sequences; 570858 paired-end sequences
[M::process] read 568816 sequences (80000257 bp)...
[M::mem_pestat] # candidate unique pairs for (FF, FR, RF, RR): (0, 222, 0, 0)
[M::mem_pestat] skip orientation FF as there are not enough pairs
[M::mem_pestat] analyzing insert size distribution for orientation FR...
[M::mem_pestat] (25, 50, 75) percentile: (168, 226, 296)
[M::mem_pestat] low and high boundaries for computing mean and std.dev: (1, 552)
[M::mem_pestat] mean and std.dev: (230.30, 93.33)
[M::mem_pestat] low and high boundaries for proper pairs: (1, 680)
[M::mem_pestat] skip orientation RF as there are not enough pairs
[M::mem_pestat] skip orientation RR as there are not enough pairs
[M::mem_process_seqs] Processed 570858 reads in 62.005 CPU sec, 7.816 real sec
[M::process] 0 single-end sequences; 568816 paired-end sequences
[M::process] read 568164 sequences (80000259 bp)...
[M::mem_pestat] # candidate unique pairs for (FF, FR, RF, RR): (0, 224, 0, 0)
[M::mem_pestat] skip orientation FF as there are not enough pairs
[M::mem_pestat] analyzing insert size distribution for orientation FR...
[M::mem_pestat] (25, 50, 75) percentile: (162, 217, 284)
[M::mem_pestat] low and high boundaries for computing mean and std.dev: (1, 528)
[M::mem_pestat] mean and std.dev: (222.67, 82.15)
[M::mem_pestat] low and high boundaries for proper pairs: (1, 650)
[M::mem_pestat] skip orientation RF as there are not enough pairs
[M::mem_pestat] skip orientation RR as there are not enough pairs
[M::mem_process_seqs] Processed 568816 reads in 62.186 CPU sec, 7.877 real sec
[M::process] 0 single-end sequences; 568164 paired-end sequences
[M::process] read 569052 sequences (80000001 bp)...
[M::mem_pestat] # candidate unique pairs for (FF, FR, RF, RR): (0, 213, 0, 0)
[M::mem_pestat] skip orientation FF as there are not enough pairs
[M::mem_pestat] analyzing insert size distribution for orientation FR...
[M::mem_pestat] (25, 50, 75) percentile: (162, 217, 274)
[M::mem_pestat] low and high boundaries for computing mean and std.dev: (1, 498)
[M::mem_pestat] mean and std.dev: (224.89, 88.41)
[M::mem_pestat] low and high boundaries for proper pairs: (1, 610)
[M::mem_pestat] skip orientation RF as there are not enough pairs
[M::mem_pestat] skip orientation RR as there are not enough pairs
[M::mem_process_seqs] Processed 568164 reads in 62.659 CPU sec, 7.897 real sec
[M::process] 0 single-end sequences; 569052 paired-end sequences
[M::process] read 569822 sequences (80000065 bp)...
[M::mem_pestat] # candidate unique pairs for (FF, FR, RF, RR): (0, 227, 0, 0)
[M::mem_pestat] skip orientation FF as there are not enough pairs
[M::mem_pestat] analyzing insert size distribution for orientation FR...
[M::mem_pestat] (25, 50, 75) percentile: (150, 199, 256)
[M::mem_pestat] low and high boundaries for computing mean and std.dev: (1, 468)
[M::mem_pestat] mean and std.dev: (203.89, 78.93)
[M::mem_pestat] low and high boundaries for proper pairs: (1, 574)
[M::mem_pestat] skip orientation RF as there are not enough pairs
[M::mem_pestat] skip orientation RR as there are not enough pairs
[M::mem_process_seqs] Processed 569052 reads in 61.900 CPU sec, 7.799 real sec
[M::process] 0 single-end sequences; 569822 paired-end sequences
[M::process] read 571918 sequences (80000088 bp)...
[M::mem_pestat] # candidate unique pairs for (FF, FR, RF, RR): (0, 235, 0, 0)
[M::mem_pestat] skip orientation FF as there are not enough pairs
[M::mem_pestat] analyzing insert size distribution for orientation FR...
[M::mem_pestat] (25, 50, 75) percentile: (156, 208, 274)
[M::mem_pestat] low and high boundaries for computing mean and std.dev: (1, 510)
[M::mem_pestat] mean and std.dev: (216.48, 92.25)
[M::mem_pestat] low and high boundaries for proper pairs: (1, 628)
[M::mem_pestat] skip orientation RF as there are not enough pairs
[M::mem_pestat] skip orientation RR as there are not enough pairs
[M::mem_process_seqs] Processed 569822 reads in 62.175 CPU sec, 7.834 real sec
[M::process] 0 single-end sequences; 571918 paired-end sequences
[M::process] read 568854 sequences (80000234 bp)...
[M::mem_pestat] # candidate unique pairs for (FF, FR, RF, RR): (0, 236, 0, 0)
[M::mem_pestat] skip orientation FF as there are not enough pairs
[M::mem_pestat] analyzing insert size distribution for orientation FR...
[M::mem_pestat] (25, 50, 75) percentile: (159, 217, 288)
[M::mem_pestat] low and high boundaries for computing mean and std.dev: (1, 546)
[M::mem_pestat] mean and std.dev: (226.24, 89.43)
[M::mem_pestat] low and high boundaries for proper pairs: (1, 675)
[M::mem_pestat] skip orientation RF as there are not enough pairs
[M::mem_pestat] skip orientation RR as there are not enough pairs
[M::mem_process_seqs] Processed 571918 reads in 61.941 CPU sec, 7.817 real sec
[M::process] 0 single-end sequences; 568854 paired-end sequences
[M::process] read 568284 sequences (80000067 bp)...
[M::mem_pestat] # candidate unique pairs for (FF, FR, RF, RR): (0, 231, 0, 0)
[M::mem_pestat] skip orientation FF as there are not enough pairs
[M::mem_pestat] analyzing insert size distribution for orientation FR...
[M::mem_pestat] (25, 50, 75) percentile: (169, 214, 275)
[M::mem_pestat] low and high boundaries for computing mean and std.dev: (1, 487)
[M::mem_pestat] mean and std.dev: (227.29, 83.92)
[M::mem_pestat] low and high boundaries for proper pairs: (1, 593)
[M::mem_pestat] skip orientation RF as there are not enough pairs
[M::mem_pestat] skip orientation RR as there are not enough pairs
[M::mem_process_seqs] Processed 568854 reads in 62.484 CPU sec, 7.887 real sec
[M::process] 0 single-end sequences; 568284 paired-end sequences
[M::process] read 568550 sequences (80000063 bp)...
[M::mem_pestat] # candidate unique pairs for (FF, FR, RF, RR): (0, 219, 0, 0)
[M::mem_pestat] skip orientation FF as there are not enough pairs
[M::mem_pestat] analyzing insert size distribution for orientation FR...
[M::mem_pestat] (25, 50, 75) percentile: (158, 217, 288)
[M::mem_pestat] low and high boundaries for computing mean and std.dev: (1, 548)
[M::mem_pestat] mean and std.dev: (225.86, 89.92)
[M::mem_pestat] low and high boundaries for proper pairs: (1, 678)
[M::mem_pestat] skip orientation RF as there are not enough pairs
[M::mem_pestat] skip orientation RR as there are not enough pairs
[M::mem_process_seqs] Processed 568284 reads in 62.391 CPU sec, 7.865 real sec
[M::process] 0 single-end sequences; 568550 paired-end sequences
[M::process] read 568726 sequences (80000267 bp)...
[M::mem_pestat] # candidate unique pairs for (FF, FR, RF, RR): (0, 253, 0, 0)
[M::mem_pestat] skip orientation FF as there are not enough pairs
[M::mem_pestat] analyzing insert size distribution for orientation FR...
[M::mem_pestat] (25, 50, 75) percentile: (151, 216, 289)
[M::mem_pestat] low and high boundaries for computing mean and std.dev: (1, 565)
[M::mem_pestat] mean and std.dev: (225.59, 100.62)
[M::mem_pestat] low and high boundaries for proper pairs: (1, 703)
[M::mem_pestat] skip orientation RF as there are not enough pairs
[M::mem_pestat] skip orientation RR as there are not enough pairs
[M::mem_process_seqs] Processed 568550 reads in 61.940 CPU sec, 7.842 real sec
[M::process] 0 single-end sequences; 568726 paired-end sequences
[M::process] read 569872 sequences (80000145 bp)...
[M::mem_pestat] # candidate unique pairs for (FF, FR, RF, RR): (1, 240, 0, 0)
[M::mem_pestat] skip orientation FF as there are not enough pairs
[M::mem_pestat] analyzing insert size distribution for orientation FR...
[M::mem_pestat] (25, 50, 75) percentile: (152, 212, 274)
[M::mem_pestat] low and high boundaries for computing mean and std.dev: (1, 518)
[M::mem_pestat] mean and std.dev: (217.32, 91.12)
[M::mem_pestat] low and high boundaries for proper pairs: (1, 640)
[M::mem_pestat] skip orientation RF as there are not enough pairs
[M::mem_pestat] skip orientation RR as there are not enough pairs
[M::mem_process_seqs] Processed 568726 reads in 62.165 CPU sec, 7.865 real sec
[M::process] 0 single-end sequences; 569872 paired-end sequences
[M::process] read 567488 sequences (80000025 bp)...
[M::mem_pestat] # candidate unique pairs for (FF, FR, RF, RR): (0, 216, 0, 0)
[M::mem_pestat] skip orientation FF as there are not enough pairs
[M::mem_pestat] analyzing insert size distribution for orientation FR...
[M::mem_pestat] (25, 50, 75) percentile: (164, 220, 273)
[M::mem_pestat] low and high boundaries for computing mean and std.dev: (1, 491)
[M::mem_pestat] mean and std.dev: (225.23, 88.17)
[M::mem_pestat] low and high boundaries for proper pairs: (1, 600)
[M::mem_pestat] skip orientation RF as there are not enough pairs
[M::mem_pestat] skip orientation RR as there are not enough pairs
[M::mem_process_seqs] Processed 569872 reads in 67.191 CPU sec, 8.466 real sec
[M::process] 0 single-end sequences; 567488 paired-end sequences
[M::process] read 567198 sequences (80000263 bp)...
[M::mem_pestat] # candidate unique pairs for (FF, FR, RF, RR): (0, 239, 0, 0)
[M::mem_pestat] skip orientation FF as there are not enough pairs
[M::mem_pestat] analyzing insert size distribution for orientation FR...
[M::mem_pestat] (25, 50, 75) percentile: (164, 206, 283)
[M::mem_pestat] low and high boundaries for computing mean and std.dev: (1, 521)
[M::mem_pestat] mean and std.dev: (222.72, 93.44)
[M::mem_pestat] low and high boundaries for proper pairs: (1, 640)
[M::mem_pestat] skip orientation RF as there are not enough pairs
[M::mem_pestat] skip orientation RR as there are not enough pairs
[M::mem_process_seqs] Processed 567488 reads in 62.071 CPU sec, 7.819 real sec
[M::process] 0 single-end sequences; 567198 paired-end sequences
[M::process] read 567790 sequences (80000060 bp)...
[M::mem_pestat] # candidate unique pairs for (FF, FR, RF, RR): (0, 226, 0, 0)
[M::mem_pestat] skip orientation FF as there are not enough pairs
[M::mem_pestat] analyzing insert size distribution for orientation FR...
[M::mem_pestat] (25, 50, 75) percentile: (163, 217, 286)
[M::mem_pestat] low and high boundaries for computing mean and std.dev: (1, 532)
[M::mem_pestat] mean and std.dev: (224.40, 97.42)
[M::mem_pestat] low and high boundaries for proper pairs: (1, 655)
[M::mem_pestat] skip orientation RF as there are not enough pairs
[M::mem_pestat] skip orientation RR as there are not enough pairs
[M::mem_process_seqs] Processed 567198 reads in 62.304 CPU sec, 7.863 real sec
[M::process] 0 single-end sequences; 567790 paired-end sequences
[M::process] read 542508 sequences (76385064 bp)...
[M::mem_pestat] # candidate unique pairs for (FF, FR, RF, RR): (0, 217, 0, 0)
[M::mem_pestat] skip orientation FF as there are not enough pairs
[M::mem_pestat] analyzing insert size distribution for orientation FR...
[M::mem_pestat] (25, 50, 75) percentile: (155, 206, 272)
[M::mem_pestat] low and high boundaries for computing mean and std.dev: (1, 506)
[M::mem_pestat] mean and std.dev: (214.39, 88.87)
[M::mem_pestat] low and high boundaries for proper pairs: (1, 623)
[M::mem_pestat] skip orientation RF as there are not enough pairs
[M::mem_pestat] skip orientation RR as there are not enough pairs
[M::mem_process_seqs] Processed 567790 reads in 61.999 CPU sec, 7.816 real sec
[M::process] 0 single-end sequences; 542508 paired-end sequences
[M::mem_pestat] # candidate unique pairs for (FF, FR, RF, RR): (0, 236, 0, 0)
[M::mem_pestat] skip orientation FF as there are not enough pairs
[M::mem_pestat] analyzing insert size distribution for orientation FR...
[M::mem_pestat] (25, 50, 75) percentile: (156, 203, 257)
[M::mem_pestat] low and high boundaries for computing mean and std.dev: (1, 459)
[M::mem_pestat] mean and std.dev: (206.65, 75.38)
[M::mem_pestat] low and high boundaries for proper pairs: (1, 560)
[M::mem_pestat] skip orientation RF as there are not enough pairs
[M::mem_pestat] skip orientation RR as there are not enough pairs
[M::mem_process_seqs] Processed 542508 reads in 57.189 CPU sec, 7.196 real sec
[main] Version: 0.7.12-r1039
[main] CMD: /usr/bin/bwa mem -t 8 -p treesapp_out_dir_depth10RNA/various_outputs/SI072_LV_10m_DNA.scaffolds_genes.fna bucket/MetaT_reads/SI072_LV_10m.qtrim.3ptrim.artifact.rRNA.clean.fastq.gz
[main] Real time: 269.464 sec; CPU: 2053.761 sec
